2022-12-15 11:42:49.673  INFO 27308 --- [main] b.h.p.ProjetDevWebApplication            : Starting ProjetDevWebApplication using Java 17.0.2 on DESKTOP-VNEL9CF with PID 27308 (C:\Users\Florian\Downloads\projet_dev_web\build\classes\java\main started by Florian in C:\Users\Florian\Downloads\projet_dev_web)
2022-12-15 11:42:49.676  INFO 27308 --- [main] b.h.p.ProjetDevWebApplication            : No active profile set, falling back to 1 default profile: "default"
2022-12-15 11:42:50.261  INFO 27308 --- [main] .s.d.r.c.RepositoryConfigurationDelegate : Bootstrapping Spring Data JPA repositories in DEFAULT mode.
2022-12-15 11:42:50.337  INFO 27308 --- [main] .s.d.r.c.RepositoryConfigurationDelegate : Finished Spring Data repository scanning in 48 ms. Found 1 JPA repository interfaces.
2022-12-15 11:42:51.070  INFO 27308 --- [main] o.s.b.w.embedded.tomcat.TomcatWebServer  : Tomcat initialized with port(s): 8080 (http)
2022-12-15 11:42:51.081  INFO 27308 --- [main] o.apache.catalina.core.StandardService   : Starting service [Tomcat]
2022-12-15 11:42:51.082  INFO 27308 --- [main] org.apache.catalina.core.StandardEngine  : Starting Servlet engine: [Apache Tomcat/9.0.65]
2022-12-15 11:42:51.191  INFO 27308 --- [main] o.a.c.c.C.[Tomcat].[localhost].[/]       : Initializing Spring embedded WebApplicationContext
2022-12-15 11:42:51.192  INFO 27308 --- [main] w.s.c.ServletWebServerApplicationContext : Root WebApplicationContext: initialization completed in 1472 ms
2022-12-15 11:42:51.336  INFO 27308 --- [main] o.f.c.internal.license.VersionPrinter    : Flyway Community Edition 9.5.1 by Redgate
2022-12-15 11:42:51.336  INFO 27308 --- [main] o.f.c.internal.license.VersionPrinter    : See what's new here: https://flywaydb.org/documentation/learnmore/releaseNotes#9.5.1
2022-12-15 11:42:51.336  INFO 27308 --- [main] o.f.c.internal.license.VersionPrinter    : 
2022-12-15 11:42:51.495  INFO 27308 --- [main] o.f.c.i.database.base.BaseDatabaseType   : Database: jdbc:postgresql://localhost:2022/postgres (PostgreSQL 14.2)
2022-12-15 11:42:51.553  INFO 27308 --- [main] o.f.core.internal.command.DbValidate     : Successfully validated 4 migrations (execution time 00:00.031s)
2022-12-15 11:42:51.608  INFO 27308 --- [main] o.f.core.internal.command.DbMigrate      : Current version of schema "public": 4
2022-12-15 11:42:51.610  INFO 27308 --- [main] o.f.core.internal.command.DbMigrate      : Schema "public" is up to date. No migration necessary.
2022-12-15 11:42:51.697  INFO 27308 --- [main] com.zaxxer.hikari.HikariDataSource       : HikariPool-1 - Starting...
2022-12-15 11:42:51.736  INFO 27308 --- [main] com.zaxxer.hikari.HikariDataSource       : HikariPool-1 - Start completed.
2022-12-15 11:42:51.786  INFO 27308 --- [main] o.hibernate.jpa.internal.util.LogHelper  : HHH000204: Processing PersistenceUnitInfo [name: default]
2022-12-15 11:42:51.854  INFO 27308 --- [main] org.hibernate.Version                    : HHH000412: Hibernate ORM core version 5.6.11.Final
2022-12-15 11:42:52.046  INFO 27308 --- [main] o.hibernate.annotations.common.Version   : HCANN000001: Hibernate Commons Annotations {5.1.2.Final}
2022-12-15 11:42:52.177  INFO 27308 --- [main] org.hibernate.dialect.Dialect            : HHH000400: Using dialect: org.hibernate.dialect.PostgreSQL10Dialect
2022-12-15 11:42:52.766  INFO 27308 --- [main] o.h.e.t.j.p.i.JtaPlatformInitiator       : HHH000490: Using JtaPlatform implementation: [org.hibernate.engine.transaction.jta.platform.internal.NoJtaPlatform]
2022-12-15 11:42:52.777  INFO 27308 --- [main] j.LocalContainerEntityManagerFactoryBean : Initialized JPA EntityManagerFactory for persistence unit 'default'
2022-12-15 11:42:53.768  WARN 27308 --- [main] JpaBaseConfiguration$JpaWebConfiguration : spring.jpa.open-in-view is enabled by default. Therefore, database queries may be performed during view rendering. Explicitly configure spring.jpa.open-in-view to disable this warning
2022-12-15 11:42:53.793  INFO 27308 --- [main] o.s.b.a.w.s.WelcomePageHandlerMapping    : Adding welcome page template: index
2022-12-15 11:42:53.916  INFO 27308 --- [main] o.s.s.web.DefaultSecurityFilterChain     : Will secure any request with [org.springframework.security.web.session.DisableEncodeUrlFilter@740fccd2, org.springframework.security.web.context.request.async.WebAsyncManagerIntegrationFilter@1ae23815, org.springframework.security.web.context.SecurityContextPersistenceFilter@5543d800, org.springframework.security.web.header.HeaderWriterFilter@16c1d11, org.springframework.web.filter.CorsFilter@63ccb1b2, org.springframework.security.web.authentication.logout.LogoutFilter@30ca66c5, org.springframework.security.oauth2.client.web.OAuth2AuthorizationRequestRedirectFilter@67b20b4c, org.springframework.security.oauth2.client.web.OAuth2LoginAuthenticationFilter@7bbe532b, org.springframework.security.web.authentication.ui.DefaultLoginPageGeneratingFilter@13f7c165, org.springframework.security.web.authentication.ui.DefaultLogoutPageGeneratingFilter@1165a952, org.springframework.security.web.savedrequest.RequestCacheAwareFilter@58e4aa67, org.springframework.security.web.servletapi.SecurityContextHolderAwareRequestFilter@66ab088c, org.springframework.security.web.authentication.AnonymousAuthenticationFilter@1b868ef0, org.springframework.security.web.session.SessionManagementFilter@4601a148, org.springframework.security.web.access.ExceptionTranslationFilter@64f613da]
2022-12-15 11:42:54.182  INFO 27308 --- [main] o.s.b.w.embedded.tomcat.TomcatWebServer  : Tomcat started on port(s): 8080 (http) with context path ''
2022-12-15 11:42:54.193  INFO 27308 --- [main] b.h.p.ProjetDevWebApplication            : Started ProjetDevWebApplication in 4.923 seconds (JVM running for 5.493)
2022-12-15 11:55:45.028  INFO 27308 --- [SpringApplicationShutdownHook] j.LocalContainerEntityManagerFactoryBean : Closing JPA EntityManagerFactory for persistence unit 'default'
2022-12-15 11:55:45.030  INFO 27308 --- [SpringApplicationShutdownHook] com.zaxxer.hikari.HikariDataSource       : HikariPool-1 - Shutdown initiated...
2022-12-15 11:55:45.034  INFO 27308 --- [SpringApplicationShutdownHook] com.zaxxer.hikari.HikariDataSource       : HikariPool-1 - Shutdown completed.
2022-12-15 11:55:51.114  INFO 8904 --- [main] b.h.p.ProjetDevWebApplication            : Starting ProjetDevWebApplication using Java 17.0.2 on DESKTOP-VNEL9CF with PID 8904 (C:\Users\Florian\Downloads\projet_dev_web\build\classes\java\main started by Florian in C:\Users\Florian\Downloads\projet_dev_web)
2022-12-15 11:55:51.117  INFO 8904 --- [main] b.h.p.ProjetDevWebApplication            : No active profile set, falling back to 1 default profile: "default"
2022-12-15 11:55:51.617  INFO 8904 --- [main] .s.d.r.c.RepositoryConfigurationDelegate : Bootstrapping Spring Data JPA repositories in DEFAULT mode.
2022-12-15 11:55:51.667  INFO 8904 --- [main] .s.d.r.c.RepositoryConfigurationDelegate : Finished Spring Data repository scanning in 42 ms. Found 1 JPA repository interfaces.
2022-12-15 11:55:52.395  INFO 8904 --- [main] o.s.b.w.embedded.tomcat.TomcatWebServer  : Tomcat initialized with port(s): 8080 (http)
2022-12-15 11:55:52.407  INFO 8904 --- [main] o.apache.catalina.core.StandardService   : Starting service [Tomcat]
2022-12-15 11:55:52.407  INFO 8904 --- [main] org.apache.catalina.core.StandardEngine  : Starting Servlet engine: [Apache Tomcat/9.0.65]
2022-12-15 11:55:52.519  INFO 8904 --- [main] o.a.c.c.C.[Tomcat].[localhost].[/]       : Initializing Spring embedded WebApplicationContext
2022-12-15 11:55:52.519  INFO 8904 --- [main] w.s.c.ServletWebServerApplicationContext : Root WebApplicationContext: initialization completed in 1355 ms
2022-12-15 11:55:52.670  INFO 8904 --- [main] o.f.c.internal.license.VersionPrinter    : Flyway Community Edition 9.5.1 by Redgate
2022-12-15 11:55:52.670  INFO 8904 --- [main] o.f.c.internal.license.VersionPrinter    : See what's new here: https://flywaydb.org/documentation/learnmore/releaseNotes#9.5.1
2022-12-15 11:55:52.670  INFO 8904 --- [main] o.f.c.internal.license.VersionPrinter    : 
2022-12-15 11:55:52.828  INFO 8904 --- [main] o.f.c.i.database.base.BaseDatabaseType   : Database: jdbc:postgresql://localhost:2022/postgres (PostgreSQL 14.2)
2022-12-15 11:55:52.882  INFO 8904 --- [main] o.f.core.internal.command.DbValidate     : Successfully validated 4 migrations (execution time 00:00.028s)
2022-12-15 11:55:52.929  INFO 8904 --- [main] o.f.core.internal.command.DbMigrate      : Current version of schema "public": 4
2022-12-15 11:55:52.930  INFO 8904 --- [main] o.f.core.internal.command.DbMigrate      : Schema "public" is up to date. No migration necessary.
2022-12-15 11:55:53.012  INFO 8904 --- [main] com.zaxxer.hikari.HikariDataSource       : HikariPool-1 - Starting...
2022-12-15 11:55:53.053  INFO 8904 --- [main] com.zaxxer.hikari.HikariDataSource       : HikariPool-1 - Start completed.
2022-12-15 11:55:53.108  INFO 8904 --- [main] o.hibernate.jpa.internal.util.LogHelper  : HHH000204: Processing PersistenceUnitInfo [name: default]
2022-12-15 11:55:53.186  INFO 8904 --- [main] org.hibernate.Version                    : HHH000412: Hibernate ORM core version 5.6.11.Final
2022-12-15 11:55:53.389  INFO 8904 --- [main] o.hibernate.annotations.common.Version   : HCANN000001: Hibernate Commons Annotations {5.1.2.Final}
2022-12-15 11:55:53.526  INFO 8904 --- [main] org.hibernate.dialect.Dialect            : HHH000400: Using dialect: org.hibernate.dialect.PostgreSQL10Dialect
2022-12-15 11:55:54.065  INFO 8904 --- [main] o.h.e.t.j.p.i.JtaPlatformInitiator       : HHH000490: Using JtaPlatform implementation: [org.hibernate.engine.transaction.jta.platform.internal.NoJtaPlatform]
2022-12-15 11:55:54.075  INFO 8904 --- [main] j.LocalContainerEntityManagerFactoryBean : Initialized JPA EntityManagerFactory for persistence unit 'default'
2022-12-15 11:55:55.021  WARN 8904 --- [main] JpaBaseConfiguration$JpaWebConfiguration : spring.jpa.open-in-view is enabled by default. Therefore, database queries may be performed during view rendering. Explicitly configure spring.jpa.open-in-view to disable this warning
2022-12-15 11:55:55.045  INFO 8904 --- [main] o.s.b.a.w.s.WelcomePageHandlerMapping    : Adding welcome page template: index
2022-12-15 11:55:55.157  INFO 8904 --- [main] o.s.s.web.DefaultSecurityFilterChain     : Will secure any request with [org.springframework.security.web.session.DisableEncodeUrlFilter@5a5b394, org.springframework.security.web.context.request.async.WebAsyncManagerIntegrationFilter@6c9b6332, org.springframework.security.web.context.SecurityContextPersistenceFilter@6fe337a5, org.springframework.security.web.header.HeaderWriterFilter@57ed8f95, org.springframework.web.filter.CorsFilter@384b3fe7, org.springframework.security.web.authentication.logout.LogoutFilter@cbc3bf3, org.springframework.security.oauth2.client.web.OAuth2AuthorizationRequestRedirectFilter@1165a952, org.springframework.security.oauth2.client.web.OAuth2LoginAuthenticationFilter@1b868ef0, org.springframework.security.web.authentication.ui.DefaultLoginPageGeneratingFilter@30e15628, org.springframework.security.web.authentication.ui.DefaultLogoutPageGeneratingFilter@4889fbba, org.springframework.security.web.savedrequest.RequestCacheAwareFilter@43312512, org.springframework.security.web.servletapi.SecurityContextHolderAwareRequestFilter@57fec63f, org.springframework.security.web.authentication.AnonymousAuthenticationFilter@6018d82c, org.springframework.security.web.session.SessionManagementFilter@1be12e05, org.springframework.security.web.access.ExceptionTranslationFilter@1e033801]
2022-12-15 11:55:55.400  INFO 8904 --- [main] o.s.b.w.embedded.tomcat.TomcatWebServer  : Tomcat started on port(s): 8080 (http) with context path ''
2022-12-15 11:55:55.410  INFO 8904 --- [main] b.h.p.ProjetDevWebApplication            : Started ProjetDevWebApplication in 4.681 seconds (JVM running for 5.29)
2022-12-15 11:56:08.108  INFO 8904 --- [http-nio-8080-exec-2] o.a.c.c.C.[Tomcat].[localhost].[/]       : Initializing Spring DispatcherServlet 'dispatcherServlet'
2022-12-15 11:56:08.108  INFO 8904 --- [http-nio-8080-exec-2] o.s.web.servlet.DispatcherServlet        : Initializing Servlet 'dispatcherServlet'
2022-12-15 11:56:08.110  INFO 8904 --- [http-nio-8080-exec-2] o.s.web.servlet.DispatcherServlet        : Completed initialization in 2 ms
2022-12-15 11:56:30.546  INFO 8904 --- [SpringApplicationShutdownHook] j.LocalContainerEntityManagerFactoryBean : Closing JPA EntityManagerFactory for persistence unit 'default'
2022-12-15 11:56:30.547  INFO 8904 --- [SpringApplicationShutdownHook] com.zaxxer.hikari.HikariDataSource       : HikariPool-1 - Shutdown initiated...
2022-12-15 11:56:30.551  INFO 8904 --- [SpringApplicationShutdownHook] com.zaxxer.hikari.HikariDataSource       : HikariPool-1 - Shutdown completed.
